<?xml version="1.0" encoding="UTF-8"?>
<testsuite xmlns:xsi="http://www.w3.org/2001/XMLSchema-instance" xsi:noNamespaceSchemaLocation="https://maven.apache.org/surefire/maven-surefire-plugin/xsd/surefire-test-report.xsd" version="3.0.1" name="TestSuite" time="5.376" tests="12" errors="0" skipped="0" failures="0">
  <properties>
    <property name="java.specification.version" value="22"/>
    <property name="sun.jnu.encoding" value="UTF-8"/>
    <property name="java.class.path" value="/Users/kumarkartikeya/IdeaProjects/GeolocationApiAutomation/target/test-classes:/Users/kumarkartikeya/IdeaProjects/GeolocationApiAutomation/target/classes:/Users/kumarkartikeya/.m2/repository/io/rest-assured/rest-assured/5.4.0/rest-assured-5.4.0.jar:/Users/kumarkartikeya/.m2/repository/org/apache/groovy/groovy/4.0.16/groovy-4.0.16.jar:/Users/kumarkartikeya/.m2/repository/org/apache/groovy/groovy-xml/4.0.16/groovy-xml-4.0.16.jar:/Users/kumarkartikeya/.m2/repository/org/apache/httpcomponents/httpclient/4.5.13/httpclient-4.5.13.jar:/Users/kumarkartikeya/.m2/repository/org/apache/httpcomponents/httpcore/4.4.13/httpcore-4.4.13.jar:/Users/kumarkartikeya/.m2/repository/commons-logging/commons-logging/1.2/commons-logging-1.2.jar:/Users/kumarkartikeya/.m2/repository/commons-codec/commons-codec/1.11/commons-codec-1.11.jar:/Users/kumarkartikeya/.m2/repository/org/apache/httpcomponents/httpmime/4.5.13/httpmime-4.5.13.jar:/Users/kumarkartikeya/.m2/repository/org/hamcrest/hamcrest/2.2/hamcrest-2.2.jar:/Users/kumarkartikeya/.m2/repository/org/ccil/cowan/tagsoup/tagsoup/1.2.1/tagsoup-1.2.1.jar:/Users/kumarkartikeya/.m2/repository/io/rest-assured/json-path/5.4.0/json-path-5.4.0.jar:/Users/kumarkartikeya/.m2/repository/org/apache/groovy/groovy-json/4.0.16/groovy-json-4.0.16.jar:/Users/kumarkartikeya/.m2/repository/io/rest-assured/xml-path/5.4.0/xml-path-5.4.0.jar:/Users/kumarkartikeya/.m2/repository/io/rest-assured/rest-assured-common/5.4.0/rest-assured-common-5.4.0.jar:/Users/kumarkartikeya/.m2/repository/org/apache/commons/commons-lang3/3.11/commons-lang3-3.11.jar:/Users/kumarkartikeya/.m2/repository/org/projectlombok/lombok/1.18.34/lombok-1.18.34.jar:/Users/kumarkartikeya/.m2/repository/org/testng/testng/7.10.2/testng-7.10.2.jar:/Users/kumarkartikeya/.m2/repository/org/slf4j/slf4j-api/1.7.36/slf4j-api-1.7.36.jar:/Users/kumarkartikeya/.m2/repository/com/beust/jcommander/1.82/jcommander-1.82.jar:/Users/kumarkartikeya/.m2/repository/org/webjars/jquery/3.7.1/jquery-3.7.1.jar:/Users/kumarkartikeya/.m2/repository/com/fasterxml/jackson/core/jackson-databind/2.17.1/jackson-databind-2.17.1.jar:/Users/kumarkartikeya/.m2/repository/com/fasterxml/jackson/core/jackson-annotations/2.17.1/jackson-annotations-2.17.1.jar:/Users/kumarkartikeya/.m2/repository/com/fasterxml/jackson/core/jackson-core/2.17.1/jackson-core-2.17.1.jar:/Users/kumarkartikeya/.m2/repository/org/json/json/20240303/json-20240303.jar:"/>
    <property name="java.vm.vendor" value="Homebrew"/>
    <property name="sun.arch.data.model" value="64"/>
    <property name="java.vendor.url" value="https://github.com/Homebrew/homebrew-core/issues"/>
    <property name="user.timezone" value="Asia/Kolkata"/>
    <property name="os.name" value="Mac OS X"/>
    <property name="java.vm.specification.version" value="22"/>
    <property name="sun.java.launcher" value="SUN_STANDARD"/>
    <property name="user.country" value="IN"/>
    <property name="sun.boot.library.path" value="/opt/homebrew/Cellar/openjdk/22.0.1/libexec/openjdk.jdk/Contents/Home/lib"/>
    <property name="sun.java.command" value="/Users/kumarkartikeya/IdeaProjects/GeolocationApiAutomation/target/surefire/surefirebooter-20240701150207339_3.jar /Users/kumarkartikeya/IdeaProjects/GeolocationApiAutomation/target/surefire 2024-07-01T15-02-07_299-jvmRun1 surefire-20240701150207339_1tmp surefire_0-20240701150207339_2tmp"/>
    <property name="http.nonProxyHosts" value="local|*.local|169.254/16|*.169.254/16"/>
    <property name="jdk.debug" value="release"/>
    <property name="surefire.test.class.path" value="/Users/kumarkartikeya/IdeaProjects/GeolocationApiAutomation/target/test-classes:/Users/kumarkartikeya/IdeaProjects/GeolocationApiAutomation/target/classes:/Users/kumarkartikeya/.m2/repository/io/rest-assured/rest-assured/5.4.0/rest-assured-5.4.0.jar:/Users/kumarkartikeya/.m2/repository/org/apache/groovy/groovy/4.0.16/groovy-4.0.16.jar:/Users/kumarkartikeya/.m2/repository/org/apache/groovy/groovy-xml/4.0.16/groovy-xml-4.0.16.jar:/Users/kumarkartikeya/.m2/repository/org/apache/httpcomponents/httpclient/4.5.13/httpclient-4.5.13.jar:/Users/kumarkartikeya/.m2/repository/org/apache/httpcomponents/httpcore/4.4.13/httpcore-4.4.13.jar:/Users/kumarkartikeya/.m2/repository/commons-logging/commons-logging/1.2/commons-logging-1.2.jar:/Users/kumarkartikeya/.m2/repository/commons-codec/commons-codec/1.11/commons-codec-1.11.jar:/Users/kumarkartikeya/.m2/repository/org/apache/httpcomponents/httpmime/4.5.13/httpmime-4.5.13.jar:/Users/kumarkartikeya/.m2/repository/org/hamcrest/hamcrest/2.2/hamcrest-2.2.jar:/Users/kumarkartikeya/.m2/repository/org/ccil/cowan/tagsoup/tagsoup/1.2.1/tagsoup-1.2.1.jar:/Users/kumarkartikeya/.m2/repository/io/rest-assured/json-path/5.4.0/json-path-5.4.0.jar:/Users/kumarkartikeya/.m2/repository/org/apache/groovy/groovy-json/4.0.16/groovy-json-4.0.16.jar:/Users/kumarkartikeya/.m2/repository/io/rest-assured/xml-path/5.4.0/xml-path-5.4.0.jar:/Users/kumarkartikeya/.m2/repository/io/rest-assured/rest-assured-common/5.4.0/rest-assured-common-5.4.0.jar:/Users/kumarkartikeya/.m2/repository/org/apache/commons/commons-lang3/3.11/commons-lang3-3.11.jar:/Users/kumarkartikeya/.m2/repository/org/projectlombok/lombok/1.18.34/lombok-1.18.34.jar:/Users/kumarkartikeya/.m2/repository/org/testng/testng/7.10.2/testng-7.10.2.jar:/Users/kumarkartikeya/.m2/repository/org/slf4j/slf4j-api/1.7.36/slf4j-api-1.7.36.jar:/Users/kumarkartikeya/.m2/repository/com/beust/jcommander/1.82/jcommander-1.82.jar:/Users/kumarkartikeya/.m2/repository/org/webjars/jquery/3.7.1/jquery-3.7.1.jar:/Users/kumarkartikeya/.m2/repository/com/fasterxml/jackson/core/jackson-databind/2.17.1/jackson-databind-2.17.1.jar:/Users/kumarkartikeya/.m2/repository/com/fasterxml/jackson/core/jackson-annotations/2.17.1/jackson-annotations-2.17.1.jar:/Users/kumarkartikeya/.m2/repository/com/fasterxml/jackson/core/jackson-core/2.17.1/jackson-core-2.17.1.jar:/Users/kumarkartikeya/.m2/repository/org/json/json/20240303/json-20240303.jar:"/>
    <property name="sun.cpu.endian" value="little"/>
    <property name="user.home" value="/Users/kumarkartikeya"/>
    <property name="user.language" value="en"/>
    <property name="java.specification.vendor" value="Oracle Corporation"/>
    <property name="java.version.date" value="2024-04-16"/>
    <property name="java.home" value="/opt/homebrew/Cellar/openjdk/22.0.1/libexec/openjdk.jdk/Contents/Home"/>
    <property name="file.separator" value="/"/>
    <property name="basedir" value="/Users/kumarkartikeya/IdeaProjects/GeolocationApiAutomation"/>
    <property name="java.vm.compressedOopsMode" value="Zero based"/>
    <property name="line.separator" value="&#10;"/>
    <property name="java.vm.specification.vendor" value="Oracle Corporation"/>
    <property name="java.specification.name" value="Java Platform API Specification"/>
    <property name="apple.awt.application.name" value="ForkedBooter"/>
    <property name="surefire.real.class.path" value="/Users/kumarkartikeya/IdeaProjects/GeolocationApiAutomation/target/surefire/surefirebooter-20240701150207339_3.jar"/>
    <property name="sun.management.compiler" value="HotSpot 64-Bit Tiered Compilers"/>
    <property name="ftp.nonProxyHosts" value="local|*.local|169.254/16|*.169.254/16"/>
    <property name="java.runtime.version" value="22.0.1"/>
    <property name="user.name" value="kumarkartikeya"/>
    <property name="stdout.encoding" value="UTF-8"/>
    <property name="path.separator" value=":"/>
    <property name="os.version" value="14.5"/>
    <property name="java.runtime.name" value="OpenJDK Runtime Environment"/>
    <property name="file.encoding" value="UTF-8"/>
    <property name="java.vm.name" value="OpenJDK 64-Bit Server VM"/>
    <property name="java.vendor.version" value="Homebrew"/>
    <property name="localRepository" value="/Users/kumarkartikeya/.m2/repository"/>
    <property name="java.vendor.url.bug" value="https://github.com/Homebrew/homebrew-core/issues"/>
    <property name="java.io.tmpdir" value="/var/folders/64/xnvc3c7d2nj_wvpt9btg66nw0000gn/T/"/>
    <property name="java.version" value="22.0.1"/>
    <property name="user.dir" value="/Users/kumarkartikeya/IdeaProjects/GeolocationApiAutomation"/>
    <property name="os.arch" value="aarch64"/>
    <property name="java.vm.specification.name" value="Java Virtual Machine Specification"/>
    <property name="native.encoding" value="UTF-8"/>
    <property name="java.library.path" value="/Users/kumarkartikeya/Library/Java/Extensions:/Library/Java/Extensions:/Network/Library/Java/Extensions:/System/Library/Java/Extensions:/usr/lib/java:."/>
    <property name="java.vm.info" value="mixed mode, sharing"/>
    <property name="stderr.encoding" value="UTF-8"/>
    <property name="java.vendor" value="Homebrew"/>
    <property name="java.vm.version" value="22.0.1"/>
    <property name="sun.io.unicode.encoding" value="UnicodeBig"/>
    <property name="socksNonProxyHosts" value="local|*.local|169.254/16|*.169.254/16"/>
    <property name="java.class.version" value="66.0"/>
  </properties>
  <testcase name="postGeolocationRequest" classname="api.test.GeolocationApiTest" time="1.308">
    <system-err><![CDATA[SLF4J: Failed to load class "org.slf4j.impl.StaticLoggerBinder".
SLF4J: Defaulting to no-operation (NOP) logger implementation
SLF4J: See http://www.slf4j.org/codes.html#StaticLoggerBinder for further details.
]]></system-err>
  </testcase>
  <testcase name="geolocationRequest_AccessPointMissingMacAddress_ShouldReturnBadResponse" classname="api.test.GeolocationApiTest" time="0.376">
    <system-out><![CDATA[{
    "error": {
        "code": 400,
        "message": "INVALID_ARGUMENT: WiFi access point objects must have a \"macAddress\" field.",
        "errors": [
            {
                "message": "INVALID_ARGUMENT: WiFi access point objects must have a \"macAddress\" field.",
                "domain": "geolocation",
                "reason": "invalidRequest"
            }
        ]
    }
}
]]></system-out>
  </testcase>
  <testcase name="geolocationRequest_InvalidRadioTypeAndNewCellId_ShouldReturnBadResponse[gsm](1)" classname="api.test.GeolocationApiTest" time="0.371">
    <system-out><![CDATA[{
    "error": {
        "code": 400,
        "message": "INVALID_ARGUMENT: Type GSM cell tower objects must have a \"cellId\" field.",
        "errors": [
            {
                "message": "INVALID_ARGUMENT: Type GSM cell tower objects must have a \"cellId\" field.",
                "domain": "geolocation",
                "reason": "invalidRequest"
            }
        ]
    }
}
]]></system-out>
  </testcase>
  <testcase name="geolocationRequest_InvalidRadioTypeAndNewCellId_ShouldReturnBadResponse[cdma](2)" classname="api.test.GeolocationApiTest" time="0.347">
    <system-out><![CDATA[{
    "error": {
        "code": 400,
        "message": "INVALID_ARGUMENT: Type CDMA cell tower objects must have a \"cellId\" field.",
        "errors": [
            {
                "message": "INVALID_ARGUMENT: Type CDMA cell tower objects must have a \"cellId\" field.",
                "domain": "geolocation",
                "reason": "invalidRequest"
            }
        ]
    }
}
]]></system-out>
  </testcase>
  <testcase name="geolocationRequest_InvalidRadioTypeAndNewCellId_ShouldReturnBadResponse[wcdma](3)" classname="api.test.GeolocationApiTest" time="0.326">
    <system-out><![CDATA[{
    "error": {
        "code": 400,
        "message": "INVALID_ARGUMENT: Type WCDMA cell tower objects must have a \"cellId\" field.",
        "errors": [
            {
                "message": "INVALID_ARGUMENT: Type WCDMA cell tower objects must have a \"cellId\" field.",
                "domain": "geolocation",
                "reason": "invalidRequest"
            }
        ]
    }
}
]]></system-out>
  </testcase>
  <testcase name="geolocationRequest_InvalidRadioTypeAndNewCellId_ShouldReturnBadResponse[lte](4)" classname="api.test.GeolocationApiTest" time="0.368">
    <system-out><![CDATA[{
    "error": {
        "code": 400,
        "message": "INVALID_ARGUMENT: Type LTE cell tower objects must have a \"cellId\" field.",
        "errors": [
            {
                "message": "INVALID_ARGUMENT: Type LTE cell tower objects must have a \"cellId\" field.",
                "domain": "geolocation",
                "reason": "invalidRequest"
            }
        ]
    }
}
]]></system-out>
  </testcase>
  <testcase name="geolocationRequest_Valid5GNetworkAndNewCellId_ShouldReturnSuccess" classname="api.test.GeolocationApiTest" time="0.361">
    <system-out><![CDATA[{
    "location": {
        "lat": 37.4241237,
        "lng": -122.0915966
    },
    "accuracy": 20
}
]]></system-out>
  </testcase>
  <testcase name="geolocationRequest_ValidInputs_ShouldReturnSuccess" classname="api.test.GeolocationApiTest" time="0.349"/>
  <testcase name="geolocationRequest_WithInsufficientAccessPoints_ShouldReturnNotFound" classname="api.test.GeolocationApiTest" time="0.346"/>
  <testcase name="geolocationRequest_WithInvalidApiKey_ShouldReturnFailure" classname="api.test.GeolocationApiTest" time="0.326"/>
  <testcase name="geolocationRequest_WithInvalidRequestBody_ShouldReturnParseFailure" classname="api.test.GeolocationApiTest" time="0.32"/>
  <testcase name="geolocationRequest_WithoutRequestBody_ShouldReturnSuccess" classname="api.test.GeolocationApiTest" time="0.365"/>
</testsuite>