<?xml version="1.0" encoding="UTF-8"?>
<!-- Generated by org.testng.reporters.JUnitReportReporter -->
<testsuite hostname="Kumars-MacBook-Air.local" failures="0" tests="12" name="api.test.GeolocationApiTest" time="5.158" errors="0" timestamp="2024-07-01T15:02:12 IST" skipped="0">
  <testcase classname="api.test.GeolocationApiTest" name="postGeolocationRequest" time="1.309"/>
  <testcase classname="api.test.GeolocationApiTest" name="geolocationRequest_InvalidRadioTypeAndNewCellId_ShouldReturnBadResponse" time="0.348"/>
  <testcase classname="api.test.GeolocationApiTest" name="geolocationRequest_ValidInputs_ShouldReturnSuccess" time="0.348"/>
  <testcase classname="api.test.GeolocationApiTest" name="geolocationRequest_WithInsufficientAccessPoints_ShouldReturnNotFound" time="0.346"/>
  <testcase classname="api.test.GeolocationApiTest" name="geolocationRequest_WithoutRequestBody_ShouldReturnSuccess" time="0.365"/>
  <testcase classname="api.test.GeolocationApiTest" name="geolocationRequest_AccessPointMissingMacAddress_ShouldReturnBadResponse" time="0.374"/>
  <testcase classname="api.test.GeolocationApiTest" name="geolocationRequest_InvalidRadioTypeAndNewCellId_ShouldReturnBadResponse" time="0.370"/>
  <testcase classname="api.test.GeolocationApiTest" name="geolocationRequest_InvalidRadioTypeAndNewCellId_ShouldReturnBadResponse" time="0.367"/>
  <testcase classname="api.test.GeolocationApiTest" name="geolocationRequest_InvalidRadioTypeAndNewCellId_ShouldReturnBadResponse" time="0.325"/>
  <testcase classname="api.test.GeolocationApiTest" name="geolocationRequest_WithInvalidApiKey_ShouldReturnFailure" time="0.325"/>
  <testcase classname="api.test.GeolocationApiTest" name="geolocationRequest_Valid5GNetworkAndNewCellId_ShouldReturnSuccess" time="0.361"/>
  <testcase classname="api.test.GeolocationApiTest" name="geolocationRequest_WithInvalidRequestBody_ShouldReturnParseFailure" time="0.320"/>
</testsuite> <!-- api.test.GeolocationApiTest -->
